[debug] [2026-04-24T13:52:37.747Z] ----------------------------------------------------------------------
[debug] [2026-04-24T13:52:37.751Z] Command:       /home/sathish/.nvm/versions/node/v24.14.0/bin/node /home/sathish/.nvm/versions/node/v24.14.0/bin/firebase init hosting
[debug] [2026-04-24T13:52:37.752Z] CLI Version:   15.15.0
[debug] [2026-04-24T13:52:37.752Z] Platform:      linux
[debug] [2026-04-24T13:52:37.752Z] Node Version:  v24.14.0
[debug] [2026-04-24T13:52:37.752Z] Time:          Fri Apr 24 2026 19:22:37 GMT+0530 (India Standard Time)
[debug] [2026-04-24T13:52:37.753Z] ----------------------------------------------------------------------
[debug] 
[info] 
     ######## #### ########  ######## ########     ###     ######  ########
     ##        ##  ##     ## ##       ##     ##  ##   ##  ##       ##
     ######    ##  ########  ######   ########  #########  ######  ######
     ##        ##  ##    ##  ##       ##     ## ##     ##       ## ##
     ##       #### ##     ## ######## ########  ##     ##  ######  ########

You're about to initialize a Firebase project in this directory:

  /home/sathish/Main-Peojects/Rekroot/rekrooot-frontend

[info] 
=== Project Setup
[info] 
[info] First, let's associate this project directory with a Firebase project.
[info] You can create multiple project aliases by running firebase use --add, 
[info] 
[debug] [2026-04-24T13:53:35.276Z] > command requires scopes: ["email","openid","https://www.googleapis.com/auth/cloudplatformprojects.readonly","https://www.googleapis.com/auth/firebase","https://www.googleapis.com/auth/cloud-platform"]
[debug] [2026-04-24T13:53:35.277Z] > authorizing via signed-in user (developer@sbbs.co.in)
[debug] [2026-04-24T13:53:35.280Z] Checked if tokens are valid: true, expires at: 1777040897860
[debug] [2026-04-24T13:53:35.280Z] Checked if tokens are valid: true, expires at: 1777040897860
[debug] [2026-04-24T13:53:35.283Z] >>> [apiv2][query] GET https://firebase.googleapis.com/v1beta1/projects pageSize=100
[debug] [2026-04-24T13:53:37.855Z] <<< [apiv2][status] GET https://firebase.googleapis.com/v1beta1/projects 200
[debug] [2026-04-24T13:53:37.855Z] <<< [apiv2][body] GET https://firebase.googleapis.com/v1beta1/projects [omitted]
[info] i  Don't want to scroll through all your projects? If you know your project ID, you can initialize it directly using firebase init --project <project_id>.
 
[debug] [2026-04-24T13:54:32.998Z] ExitPromptError: User force closed the prompt with SIGINT
    at Interface.sigint (/home/sathish/.nvm/versions/node/v24.14.0/lib/node_modules/firebase-tools/node_modules/@inquirer/core/dist/commonjs/lib/create-prompt.js:101:37)
    at Interface.emit (node:events:508:28)
    at [_ttyWrite] [as _ttyWrite] (node:internal/readline/interface:1327:18)
    at ReadStream.onkeypress (node:internal/readline/interface:284:20)
    at ReadStream.emit (node:events:520:35)
    at emitKeys (node:internal/readline/utils:371:14)
    at emitKeys.next (<anonymous>)
    at ReadStream.onData (node:internal/readline/emitKeypressEvents:64:36)
    at ReadStream.emit (node:events:508:28)
    at addChunk (node:internal/streams/readable:563:12)
[error] 
[error] Error: An unexpected error has occurred.
[debug] [2026-04-24T13:54:38.541Z] ----------------------------------------------------------------------
[debug] [2026-04-24T13:54:38.545Z] Command:       /home/sathish/.nvm/versions/node/v24.14.0/bin/node /home/sathish/.nvm/versions/node/v24.14.0/bin/firebase init hosting --project rekrooot
[debug] [2026-04-24T13:54:38.546Z] CLI Version:   15.15.0
[debug] [2026-04-24T13:54:38.546Z] Platform:      linux
[debug] [2026-04-24T13:54:38.546Z] Node Version:  v24.14.0
[debug] [2026-04-24T13:54:38.546Z] Time:          Fri Apr 24 2026 19:24:38 GMT+0530 (India Standard Time)
[debug] [2026-04-24T13:54:38.547Z] ----------------------------------------------------------------------
[debug] 
[info] 
     ######## #### ########  ######## ########     ###     ######  ########
     ##        ##  ##     ## ##       ##     ##  ##   ##  ##       ##
     ######    ##  ########  ######   ########  #########  ######  ######
     ##        ##  ##    ##  ##       ##     ## ##     ##       ## ##
     ##       #### ##     ## ######## ########  ##     ##  ######  ########

You're about to initialize a Firebase project in this directory:

  /home/sathish/Main-Peojects/Rekroot/rekrooot-frontend

[info] 
=== Project Setup
[info] 
[info] First, let's associate this project directory with a Firebase project.
[info] You can create multiple project aliases by running firebase use --add, 
[info] 
[debug] [2026-04-24T13:54:39.618Z] > command requires scopes: ["email","openid","https://www.googleapis.com/auth/cloudplatformprojects.readonly","https://www.googleapis.com/auth/firebase","https://www.googleapis.com/auth/cloud-platform"]
[debug] [2026-04-24T13:54:39.618Z] > authorizing via signed-in user (developer@sbbs.co.in)
[debug] [2026-04-24T13:54:39.620Z] Checked if tokens are valid: true, expires at: 1777040897860
[debug] [2026-04-24T13:54:39.620Z] Checked if tokens are valid: true, expires at: 1777040897860
[debug] [2026-04-24T13:54:39.622Z] >>> [apiv2][query] GET https://firebase.googleapis.com/v1beta1/projects/rekrooot [none]
[debug] [2026-04-24T13:54:40.123Z] <<< [apiv2][status] GET https://firebase.googleapis.com/v1beta1/projects/rekrooot 200
[debug] [2026-04-24T13:54:40.124Z] <<< [apiv2][body] GET https://firebase.googleapis.com/v1beta1/projects/rekrooot {"projectId":"rekrooot","projectNumber":"319636262816","displayName":"rekrooot","name":"projects/rekrooot","resources":{"hostingSite":"rekrooot"},"state":"ACTIVE","etag":"1_573f7265-f8ed-489f-984f-dc5c24a38249"}
[info] i  Using project rekrooot (rekrooot) . 
[info] 
=== Hosting Setup
[info] 
[info] 
=== App Hosting Setup
[debug] [2026-04-24T13:54:48.618Z] Checked if tokens are valid: true, expires at: 1777040897860
[debug] [2026-04-24T13:54:48.618Z] Checked if tokens are valid: true, expires at: 1777040897860
[debug] [2026-04-24T13:54:48.619Z] >>> [apiv2][query] GET https://cloudbilling.googleapis.com/v1/projects/rekrooot/billingInfo [none]
[debug] [2026-04-24T13:54:49.836Z] <<< [apiv2][status] GET https://cloudbilling.googleapis.com/v1/projects/rekrooot/billingInfo 200
[debug] [2026-04-24T13:54:49.836Z] <<< [apiv2][body] GET https://cloudbilling.googleapis.com/v1/projects/rekrooot/billingInfo {"name":"projects/rekrooot/billingInfo","projectId":"rekrooot","billingAccountName":"billingAccounts/012277-F4DCFF-EA5E9B","billingEnabled":true}
[debug] [2026-04-24T13:54:49.837Z] Checked if tokens are valid: true, expires at: 1777040897860
[debug] [2026-04-24T13:54:49.837Z] Checked if tokens are valid: true, expires at: 1777040897860
[debug] [2026-04-24T13:54:49.838Z] >>> [apiv2][query] GET https://serviceusage.googleapis.com/v1/projects/rekrooot/services/firebaseapphosting.googleapis.com [none]
[debug] [2026-04-24T13:54:49.838Z] >>> [apiv2][(partial)header] GET https://serviceusage.googleapis.com/v1/projects/rekrooot/services/firebaseapphosting.googleapis.com  x-goog-user-project=rekrooot
[debug] [2026-04-24T13:54:51.583Z] <<< [apiv2][status] GET https://serviceusage.googleapis.com/v1/projects/rekrooot/services/firebaseapphosting.googleapis.com 200
[debug] [2026-04-24T13:54:51.583Z] <<< [apiv2][body] GET https://serviceusage.googleapis.com/v1/projects/rekrooot/services/firebaseapphosting.googleapis.com [omitted]
[debug] [2026-04-24T13:54:51.584Z] Checked if tokens are valid: true, expires at: 1777040897860
[debug] [2026-04-24T13:54:51.584Z] Checked if tokens are valid: true, expires at: 1777040897860
[debug] [2026-04-24T13:54:51.584Z] >>> [apiv2][query] POST https://serviceusage.googleapis.com/v1/projects/rekrooot/services/firebaseapphosting.googleapis.com:enable [none]
[debug] [2026-04-24T13:54:51.584Z] >>> [apiv2][(partial)header] POST https://serviceusage.googleapis.com/v1/projects/rekrooot/services/firebaseapphosting.googleapis.com:enable  x-goog-user-project=rekrooot
[debug] [2026-04-24T13:54:53.323Z] <<< [apiv2][status] POST https://serviceusage.googleapis.com/v1/projects/rekrooot/services/firebaseapphosting.googleapis.com:enable 200
[debug] [2026-04-24T13:54:53.323Z] <<< [apiv2][body] POST https://serviceusage.googleapis.com/v1/projects/rekrooot/services/firebaseapphosting.googleapis.com:enable [omitted]
[debug] [2026-04-24T13:55:03.331Z] Checked if tokens are valid: true, expires at: 1777040897860
[debug] [2026-04-24T13:55:03.332Z] Checked if tokens are valid: true, expires at: 1777040897860
[debug] [2026-04-24T13:55:03.332Z] Checked if tokens are valid: true, expires at: 1777040897860
[debug] [2026-04-24T13:55:03.332Z] Checked if tokens are valid: true, expires at: 1777040897860
[debug] [2026-04-24T13:55:03.332Z] Checked if tokens are valid: true, expires at: 1777040897860
[debug] [2026-04-24T13:55:03.332Z] Checked if tokens are valid: true, expires at: 1777040897860
[debug] [2026-04-24T13:55:03.333Z] Checked if tokens are valid: true, expires at: 1777040897860
[debug] [2026-04-24T13:55:03.333Z] Checked if tokens are valid: true, expires at: 1777040897860
[debug] [2026-04-24T13:55:03.333Z] Checked if tokens are valid: true, expires at: 1777040897860
[debug] [2026-04-24T13:55:03.333Z] Checked if tokens are valid: true, expires at: 1777040897860
[debug] [2026-04-24T13:55:03.333Z] Checked if tokens are valid: true, expires at: 1777040897860
[debug] [2026-04-24T13:55:03.333Z] Checked if tokens are valid: true, expires at: 1777040897860
[debug] [2026-04-24T13:55:03.333Z] >>> [apiv2][query] GET https://serviceusage.googleapis.com/v1/projects/rekrooot/services/developerconnect.googleapis.com [none]
[debug] [2026-04-24T13:55:03.333Z] >>> [apiv2][(partial)header] GET https://serviceusage.googleapis.com/v1/projects/rekrooot/services/developerconnect.googleapis.com  x-goog-user-project=rekrooot
[debug] [2026-04-24T13:55:03.336Z] >>> [apiv2][query] GET https://serviceusage.googleapis.com/v1/projects/rekrooot/services/cloudbuild.googleapis.com [none]
[debug] [2026-04-24T13:55:03.336Z] >>> [apiv2][(partial)header] GET https://serviceusage.googleapis.com/v1/projects/rekrooot/services/cloudbuild.googleapis.com  x-goog-user-project=rekrooot
[debug] [2026-04-24T13:55:03.338Z] >>> [apiv2][query] GET https://serviceusage.googleapis.com/v1/projects/rekrooot/services/secretmanager.googleapis.com [none]
[debug] [2026-04-24T13:55:03.338Z] >>> [apiv2][(partial)header] GET https://serviceusage.googleapis.com/v1/projects/rekrooot/services/secretmanager.googleapis.com  x-goog-user-project=rekrooot
[debug] [2026-04-24T13:55:03.340Z] >>> [apiv2][query] GET https://serviceusage.googleapis.com/v1/projects/rekrooot/services/run.googleapis.com [none]
[debug] [2026-04-24T13:55:03.340Z] >>> [apiv2][(partial)header] GET https://serviceusage.googleapis.com/v1/projects/rekrooot/services/run.googleapis.com  x-goog-user-project=rekrooot
[debug] [2026-04-24T13:55:03.342Z] >>> [apiv2][query] GET https://serviceusage.googleapis.com/v1/projects/rekrooot/services/artifactregistry.googleapis.com [none]
[debug] [2026-04-24T13:55:03.342Z] >>> [apiv2][(partial)header] GET https://serviceusage.googleapis.com/v1/projects/rekrooot/services/artifactregistry.googleapis.com  x-goog-user-project=rekrooot
[debug] [2026-04-24T13:55:03.344Z] >>> [apiv2][query] GET https://serviceusage.googleapis.com/v1/projects/rekrooot/services/iam.googleapis.com [none]
[debug] [2026-04-24T13:55:03.344Z] >>> [apiv2][(partial)header] GET https://serviceusage.googleapis.com/v1/projects/rekrooot/services/iam.googleapis.com  x-goog-user-project=rekrooot
[debug] [2026-04-24T13:55:05.002Z] <<< [apiv2][status] GET https://serviceusage.googleapis.com/v1/projects/rekrooot/services/cloudbuild.googleapis.com 200
[debug] [2026-04-24T13:55:05.002Z] <<< [apiv2][body] GET https://serviceusage.googleapis.com/v1/projects/rekrooot/services/cloudbuild.googleapis.com [omitted]
[debug] [2026-04-24T13:55:05.017Z] <<< [apiv2][status] GET https://serviceusage.googleapis.com/v1/projects/rekrooot/services/secretmanager.googleapis.com 200
[debug] [2026-04-24T13:55:05.017Z] <<< [apiv2][body] GET https://serviceusage.googleapis.com/v1/projects/rekrooot/services/secretmanager.googleapis.com [omitted]
[debug] [2026-04-24T13:55:05.021Z] <<< [apiv2][status] GET https://serviceusage.googleapis.com/v1/projects/rekrooot/services/developerconnect.googleapis.com 200
[debug] [2026-04-24T13:55:05.021Z] <<< [apiv2][body] GET https://serviceusage.googleapis.com/v1/projects/rekrooot/services/developerconnect.googleapis.com [omitted]
[debug] [2026-04-24T13:55:05.021Z] Checked if tokens are valid: true, expires at: 1777040897860
[debug] [2026-04-24T13:55:05.021Z] Checked if tokens are valid: true, expires at: 1777040897860
[debug] [2026-04-24T13:55:05.021Z] >>> [apiv2][query] POST https://serviceusage.googleapis.com/v1/projects/rekrooot/services/developerconnect.googleapis.com:enable [none]
[debug] [2026-04-24T13:55:05.021Z] >>> [apiv2][(partial)header] POST https://serviceusage.googleapis.com/v1/projects/rekrooot/services/developerconnect.googleapis.com:enable  x-goog-user-project=rekrooot
[debug] [2026-04-24T13:55:05.026Z] <<< [apiv2][status] GET https://serviceusage.googleapis.com/v1/projects/rekrooot/services/artifactregistry.googleapis.com 200
[debug] [2026-04-24T13:55:05.026Z] <<< [apiv2][body] GET https://serviceusage.googleapis.com/v1/projects/rekrooot/services/artifactregistry.googleapis.com [omitted]
[debug] [2026-04-24T13:55:05.039Z] <<< [apiv2][status] GET https://serviceusage.googleapis.com/v1/projects/rekrooot/services/run.googleapis.com 200
[debug] [2026-04-24T13:55:05.039Z] <<< [apiv2][body] GET https://serviceusage.googleapis.com/v1/projects/rekrooot/services/run.googleapis.com [omitted]
[debug] [2026-04-24T13:55:05.051Z] <<< [apiv2][status] GET https://serviceusage.googleapis.com/v1/projects/rekrooot/services/iam.googleapis.com 200
[debug] [2026-04-24T13:55:05.051Z] <<< [apiv2][body] GET https://serviceusage.googleapis.com/v1/projects/rekrooot/services/iam.googleapis.com [omitted]
[debug] [2026-04-24T13:55:05.499Z] <<< [apiv2][status] POST https://serviceusage.googleapis.com/v1/projects/rekrooot/services/developerconnect.googleapis.com:enable 200
[debug] [2026-04-24T13:55:05.499Z] <<< [apiv2][body] POST https://serviceusage.googleapis.com/v1/projects/rekrooot/services/developerconnect.googleapis.com:enable [omitted]
[debug] [2026-04-24T13:55:15.508Z] Checked if tokens are valid: true, expires at: 1777040897860
[debug] [2026-04-24T13:55:15.508Z] Checked if tokens are valid: true, expires at: 1777040897860
[debug] [2026-04-24T13:55:15.508Z] >>> [apiv2][query] POST https://iam.googleapis.com/v1/projects/rekrooot/serviceAccounts/firebase-app-hosting-compute@rekrooot.iam.gserviceaccount.com:testIamPermissions [none]
[debug] [2026-04-24T13:55:15.508Z] >>> [apiv2][(partial)header] POST https://iam.googleapis.com/v1/projects/rekrooot/serviceAccounts/firebase-app-hosting-compute@rekrooot.iam.gserviceaccount.com:testIamPermissions  x-goog-user-project=rekrooot
[debug] [2026-04-24T13:55:15.508Z] >>> [apiv2][body] POST https://iam.googleapis.com/v1/projects/rekrooot/serviceAccounts/firebase-app-hosting-compute@rekrooot.iam.gserviceaccount.com:testIamPermissions {"permissions":["iam.serviceAccounts.actAs"]}
[debug] [2026-04-24T13:55:17.079Z] <<< [apiv2][status] POST https://iam.googleapis.com/v1/projects/rekrooot/serviceAccounts/firebase-app-hosting-compute@rekrooot.iam.gserviceaccount.com:testIamPermissions 404
[debug] [2026-04-24T13:55:17.079Z] <<< [apiv2][body] POST https://iam.googleapis.com/v1/projects/rekrooot/serviceAccounts/firebase-app-hosting-compute@rekrooot.iam.gserviceaccount.com:testIamPermissions {"error":{"code":404,"message":"Unknown service account","status":"NOT_FOUND"}}
[debug] [2026-04-24T13:55:17.081Z] Checked if tokens are valid: true, expires at: 1777040897860
[debug] [2026-04-24T13:55:17.081Z] Checked if tokens are valid: true, expires at: 1777040897860
[debug] [2026-04-24T13:55:17.081Z] >>> [apiv2][query] POST https://iam.googleapis.com/v1/projects/rekrooot/serviceAccounts [none]
[debug] [2026-04-24T13:55:17.081Z] >>> [apiv2][body] POST https://iam.googleapis.com/v1/projects/rekrooot/serviceAccounts {"accountId":"firebase-app-hosting-compute","serviceAccount":{"displayName":"Firebase App Hosting compute service account","description":"Default service account used to run builds and deploys for Firebase App Hosting"}}
[debug] [2026-04-24T13:55:18.001Z] <<< [apiv2][status] POST https://iam.googleapis.com/v1/projects/rekrooot/serviceAccounts 200
[debug] [2026-04-24T13:55:18.001Z] <<< [apiv2][body] POST https://iam.googleapis.com/v1/projects/rekrooot/serviceAccounts [omitted]
[debug] [2026-04-24T13:55:18.002Z] Checked if tokens are valid: true, expires at: 1777040897860
[debug] [2026-04-24T13:55:18.002Z] Checked if tokens are valid: true, expires at: 1777040897860
[debug] [2026-04-24T13:55:18.002Z] >>> [apiv2][query] POST https://cloudresourcemanager.googleapis.com/v1/projects/rekrooot:getIamPolicy [none]
[debug] [2026-04-24T13:55:19.448Z] <<< [apiv2][status] POST https://cloudresourcemanager.googleapis.com/v1/projects/rekrooot:getIamPolicy 200
[debug] [2026-04-24T13:55:19.449Z] <<< [apiv2][body] POST https://cloudresourcemanager.googleapis.com/v1/projects/rekrooot:getIamPolicy {"version":1,"etag":"BwZQNRxmeVg=","bindings":[{"role":"roles/cloudbuild.builds.builder","members":["serviceAccount:319636262816@cloudbuild.gserviceaccount.com"]},{"role":"roles/cloudbuild.serviceAgent","members":["serviceAccount:service-319636262816@gcp-sa-cloudbuild.iam.gserviceaccount.com"]},{"role":"roles/containerregistry.ServiceAgent","members":["serviceAccount:service-319636262816@containerregistry.iam.gserviceaccount.com"]},{"role":"roles/editor","members":["serviceAccount:319636262816-compute@developer.gserviceaccount.com"]},{"role":"roles/firebase.managementServiceAgent","members":["serviceAccount:service-319636262816@gcp-sa-firebase.iam.gserviceaccount.com"]},{"role":"roles/firebase.sdkAdminServiceAgent","members":["serviceAccount:firebase-adminsdk-fbsvc@rekrooot.iam.gserviceaccount.com"]},{"role":"roles/firebaseauth.admin","members":["serviceAccount:firebase-adminsdk-fbsvc@rekrooot.iam.gserviceaccount.com"]},{"role":"roles/firebasestorage.serviceAgent","members":["serviceAccount:service-319636262816@gcp-sa-firebasestorage.iam.gserviceaccount.com"]},{"role":"roles/iam.serviceAccountTokenCreator","members":["serviceAccount:firebase-adminsdk-fbsvc@rekrooot.iam.gserviceaccount.com"]},{"role":"roles/owner","members":["user:developer@sbbs.co.in"]},{"role":"roles/run.serviceAgent","members":["serviceAccount:service-319636262816@serverless-robot-prod.iam.gserviceaccount.com"]},{"role":"roles/storage.admin","members":["serviceAccount:firebase-adminsdk-fbsvc@rekrooot.iam.gserviceaccount.com"]}]}
[debug] [2026-04-24T13:55:19.449Z] Checked if tokens are valid: true, expires at: 1777040897860
[debug] [2026-04-24T13:55:19.449Z] Checked if tokens are valid: true, expires at: 1777040897860
[debug] [2026-04-24T13:55:19.450Z] >>> [apiv2][query] POST https://cloudresourcemanager.googleapis.com/v1/projects/rekrooot:setIamPolicy [none]
[debug] [2026-04-24T13:55:19.450Z] >>> [apiv2][body] POST https://cloudresourcemanager.googleapis.com/v1/projects/rekrooot:setIamPolicy {"policy":{"version":1,"etag":"BwZQNRxmeVg=","bindings":[{"role":"roles/cloudbuild.builds.builder","members":["serviceAccount:319636262816@cloudbuild.gserviceaccount.com"]},{"role":"roles/cloudbuild.serviceAgent","members":["serviceAccount:service-319636262816@gcp-sa-cloudbuild.iam.gserviceaccount.com"]},{"role":"roles/containerregistry.ServiceAgent","members":["serviceAccount:service-319636262816@containerregistry.iam.gserviceaccount.com"]},{"role":"roles/editor","members":["serviceAccount:319636262816-compute@developer.gserviceaccount.com"]},{"role":"roles/firebase.managementServiceAgent","members":["serviceAccount:service-319636262816@gcp-sa-firebase.iam.gserviceaccount.com"]},{"role":"roles/firebase.sdkAdminServiceAgent","members":["serviceAccount:firebase-adminsdk-fbsvc@rekrooot.iam.gserviceaccount.com","serviceAccount:firebase-app-hosting-compute@rekrooot.iam.gserviceaccount.com"]},{"role":"roles/firebaseauth.admin","members":["serviceAccount:firebase-adminsdk-fbsvc@rekrooot.iam.gserviceaccount.com"]},{"role":"roles/firebasestorage.serviceAgent","members":["serviceAccount:service-319636262816@gcp-sa-firebasestorage.iam.gserviceaccount.com"]},{"role":"roles/iam.serviceAccountTokenCreator","members":["serviceAccount:firebase-adminsdk-fbsvc@rekrooot.iam.gserviceaccount.com"]},{"role":"roles/owner","members":["user:developer@sbbs.co.in"]},{"role":"roles/run.serviceAgent","members":["serviceAccount:service-319636262816@serverless-robot-prod.iam.gserviceaccount.com"]},{"role":"roles/storage.admin","members":["serviceAccount:firebase-adminsdk-fbsvc@rekrooot.iam.gserviceaccount.com"]},{"role":"roles/firebaseapphosting.computeRunner","members":["serviceAccount:firebase-app-hosting-compute@rekrooot.iam.gserviceaccount.com"]},{"role":"roles/developerconnect.readTokenAccessor","members":["serviceAccount:firebase-app-hosting-compute@rekrooot.iam.gserviceaccount.com"]},{"role":"roles/storage.objectViewer","members":["serviceAccount:firebase-app-hosting-compute@rekrooot.iam.gserviceaccount.com"]}]},"updateMask":"bindings"}
[debug] [2026-04-24T13:55:20.253Z] <<< [apiv2][status] POST https://cloudresourcemanager.googleapis.com/v1/projects/rekrooot:setIamPolicy 400
[debug] [2026-04-24T13:55:20.254Z] <<< [apiv2][body] POST https://cloudresourcemanager.googleapis.com/v1/projects/rekrooot:setIamPolicy {"error":{"code":400,"message":"Service account firebase-app-hosting-compute@rekrooot.iam.gserviceaccount.com does not exist.","status":"INVALID_ARGUMENT"}}
[warn] ⚠  Your App Hosting compute service account is still being provisioned in the background. If you encounter an error, please try again after a few moments. 
[info] i  This command links your local project to Firebase App Hosting. You will be able to deploy your web app with `firebase deploy` after setup. 
